<?xml version="1.0" encoding="UTF-8"?>
<!-- Generated by org.testng.reporters.JUnitXMLReporter -->
<testsuite hostname="MAVRLT563" ignored="2" name="Test" tests="3" failures="0" timestamp="2020-07-04T21:01:46 AST" time="0.217" errors="0">
  <testcase name="Addition" time="0.037" classname="com.MavenTestNGAssignment.TestCase1"/>
  <testcase name="exp" time="0.004" classname="com.MavenTestNGAssignment.TestCase1"/>
  <testcase name="multiplication" time="0.006" classname="com.MavenTestNGAssignment.TestCase1"/>
  <testcase name="Subtraction" time="0.0" classname="com.MavenTestNGAssignment.TestCase1">
    <ignored/>
  </testcase> <!-- Subtraction -->
  <testcase name="divreal" time="0.0" classname="com.MavenTestNGAssignment.TestCase1">
    <ignored/>
  </testcase> <!-- divreal -->
</testsuite> <!-- Test -->
