<?xml version="1.0" encoding="UTF-8"?>
<testsuite xmlns:xsi="http://www.w3.org/2001/XMLSchema-instance" xsi:noNamespaceSchemaLocation="https://maven.apache.org/surefire/maven-surefire-plugin/xsd/surefire-test-report-3.0.xsd" version="3.0" name="TestSuite" time="1.861" tests="5" errors="0" skipped="0" failures="0">
  <properties>
[...]
</properties>
  <testcase name="Addition" classname="com.MavenTestNGAssignment.TestCase1" time="0.011"/>
  <testcase name="exp" classname="com.MavenTestNGAssignment.TestCase1" time="0.001"/>
  <testcase name="inverse" classname="com.MavenTestNGAssignment.TestCase2" time="0.001"/>
  <testcase name="multiplication" classname="com.MavenTestNGAssignment.TestCase1" time="0.002"/>
  <testcase name="negate" classname="com.MavenTestNGAssignment.TestCase2" time="0.002"/>
</testsuite>