<?xml version="1.0" encoding="UTF-8"?>
<testsuite xmlns:xsi="http://www.w3.org/2001/XMLSchema-instance" xsi:noNamespaceSchemaLocation="https://maven.apache.org/surefire/maven-surefire-plugin/xsd/surefire-test-report-3.0.xsd" version="3.0" name="TestSuite" time="3.225" tests="5" errors="0" skipped="0" failures="0">
  <properties>
[...]
</properties>
  <testcase name="Addition[1, 4](1)" classname="com.MavenTestNGAssignment.TestCase1" time="0.027">
    <system-out><![CDATA[Using assertEquals
TestNG_ReportsAndLogs -> inverse is completed
TestNG_ReportsAndLogs -> Addition is completed
Using assertTrue
]]></system-out>
  </testcase>
  <testcase name="exp[1, 1](1)" classname="com.MavenTestNGAssignment.TestCase1" time="0.001"/>
  <testcase name="multiplication[10, 4](1)" classname="com.MavenTestNGAssignment.TestCase1" time="0">
    <system-out><![CDATA[Using assertTrue
TestNG_ReportsAndLogs -> Multipliaction is completed
]]></system-out>
  </testcase>
  <testcase name="inverse[21](1)" classname="com.MavenTestNGAssignment.TestCase2" time="0">
    <system-out><![CDATA[Using assertNotEquals
TestNG_ReportsAndLogs -> Exp is Performed
]]></system-out>
  </testcase>
  <testcase name="negate[21](1)" classname="com.MavenTestNGAssignment.TestCase2" time="0.001">
    <system-out><![CDATA[Using assertTrue
TestNG_ReportsAndLogs -> negate is completed
]]></system-out>
  </testcase>
</testsuite>