<?xml version="1.0" encoding="UTF-8"?>
<!-- Generated by org.testng.reporters.JUnitXMLReporter -->
<testsuite hostname="MAVRLT563" ignored="2" name="Test" tests="5" failures="0" timestamp="2020-07-31T17:50:49 AST" time="0.101" errors="0">
  <testcase name="Addition" time="0.009" classname="com.MavenTestNGAssignment.TestCase1"/>
  <testcase name="exp" time="0.002" classname="com.MavenTestNGAssignment.TestCase1"/>
  <testcase name="inverse" time="0.009" classname="com.MavenTestNGAssignment.TestCase2"/>
  <testcase name="multiplication" time="0.0" classname="com.MavenTestNGAssignment.TestCase1"/>
  <testcase name="negate" time="0.0" classname="com.MavenTestNGAssignment.TestCase2"/>
  <testcase name="Subtraction" time="0.0" classname="com.MavenTestNGAssignment.TestCase1">
    <ignored/>
  </testcase> <!-- Subtraction -->
  <testcase name="divreal" time="0.0" classname="com.MavenTestNGAssignment.TestCase1">
    <ignored/>
  </testcase> <!-- divreal -->
</testsuite> <!-- Test -->
